<?xml version="1.0" encoding="UTF-8"?>
<!-- Generated by org.testng.reporters.JUnitReportReporter -->
<testsuite hostname="DESKTOP-PDV6VLM" failures="0" tests="3" name="com.neotech.lesson01.TestNGDemo" time="0.008" errors="0" timestamp="2021-10-04T17:30:19 EDT" skipped="0">
  <testcase classname="com.neotech.lesson01.TestNGDemo" name="testOne" time="0.007"/>
  <system-out/>
  <testcase classname="com.neotech.lesson01.TestNGDemo" name="testTwo" time="0.001"/>
  <system-out/>
  <testcase classname="com.neotech.lesson01.TestNGDemo" name="testThree" time="0.000"/>
  <system-out/>
</testsuite> <!-- com.neotech.lesson01.TestNGDemo -->
