<?xml version="1.0" encoding="UTF-8"?>
<!-- Generated by org.testng.reporters.JUnitReportReporter -->
<testsuite hostname="DESKTOP-PDV6VLM" failures="0" tests="4" name="com.neotech.lesson02.DependsDemo" time="0.011" errors="0" timestamp="2021-10-03T13:02:33 EDT" skipped="0">
  <testcase classname="com.neotech.lesson02.DependsDemo" name="thirdTest" time="0.002"/>
  <system-out/>
  <testcase classname="com.neotech.lesson02.DependsDemo" name="firstTest" time="0.006"/>
  <system-out/>
  <testcase classname="com.neotech.lesson02.DependsDemo" name="secondTest" time="0.002"/>
  <system-out/>
  <testcase classname="com.neotech.lesson02.DependsDemo" name="fourthTest" time="0.001"/>
  <system-out/>
</testsuite> <!-- com.neotech.lesson02.DependsDemo -->
