<?xml version="1.0" encoding="UTF-8"?>
<!-- Generated by org.testng.reporters.JUnitReportReporter -->
<testsuite hostname="DESKTOP-PDV6VLM" failures="0" tests="2" name="com.neotech.lesson02.Homework" time="9.059" errors="0" timestamp="2021-10-05T18:15:56 EDT" skipped="0">
  <testcase classname="com.neotech.lesson02.Homework" name="negativeLoginTest" time="4.052"/>
  <system-out/>
  <testcase classname="com.neotech.lesson02.Homework" name="loginValidation" time="5.007"/>
  <system-out/>
</testsuite> <!-- com.neotech.lesson02.Homework -->
