<?xml version="1.0" encoding="UTF-8"?>
<!-- Generated by org.testng.reporters.JUnitReportReporter -->
<testsuite hostname="DESKTOP-PDV6VLM" failures="0" tests="2" name="com.neotech.lesson02.Homework1" time="8.766" errors="0" timestamp="2021-10-05T18:13:33 EDT" skipped="0">
  <testcase classname="com.neotech.lesson02.Homework1" name="negativeLoginTest" time="3.949"/>
  <system-out/>
  <testcase classname="com.neotech.lesson02.Homework1" name="loginValidation" time="4.817"/>
  <system-out/>
</testsuite> <!-- com.neotech.lesson02.Homework1 -->
