<?xml version="1.0" encoding="UTF-8"?>
<!-- Generated by org.testng.reporters.JUnitReportReporter -->
<testsuite hostname="DESKTOP-PDV6VLM" failures="0" tests="4" name="com.neotech.lesson02.PriorityDemo" time="0.025" errors="0" timestamp="2021-10-03T12:33:52 EDT" skipped="0">
  <testcase classname="com.neotech.lesson02.PriorityDemo" name="firstTest" time="0.018"/>
  <system-out/>
  <testcase classname="com.neotech.lesson02.PriorityDemo" name="secondTest" time="0.003"/>
  <system-out/>
  <testcase classname="com.neotech.lesson02.PriorityDemo" name="thirdTest" time="0.002"/>
  <system-out/>
  <testcase classname="com.neotech.lesson02.PriorityDemo" name="fourthTest" time="0.002"/>
  <system-out/>
</testsuite> <!-- com.neotech.lesson02.PriorityDemo -->
