<?xml version="1.0" encoding="UTF-8"?>
<!-- Generated by org.testng.reporters.JUnitReportReporter -->
<testsuite hostname="DESKTOP-PDV6VLM" failures="0" tests="1" name="com.neotech.lesson01.MoreTestNGAnnotations" time="0.004" errors="0" timestamp="2021-10-04T19:43:23 EDT" skipped="0">
  <testcase classname="com.neotech.lesson01.MoreTestNGAnnotations" name="test1" time="0.004"/>
  <system-out/>
</testsuite> <!-- com.neotech.lesson01.MoreTestNGAnnotations -->
