<?xml version="1.0" encoding="UTF-8"?>
<!-- Generated by org.testng.reporters.JUnitReportReporter -->
<testsuite hostname="DESKTOP-PDV6VLM" failures="0" tests="3" name="com.neotech.lesson02.EnableAndDisableDemo" time="0.007" errors="0" timestamp="2021-10-03T14:38:46 EDT" skipped="2">
  <testcase classname="com.neotech.lesson02.EnableAndDisableDemo" name="secondTest" time="0.007"/>
  <system-out/>
  <testcase classname="com.neotech.lesson02.EnableAndDisableDemo" name="firstTest">
    <skipped/>
  </testcase> <!-- firstTest -->
  <system-out/>
  <testcase classname="com.neotech.lesson02.EnableAndDisableDemo" name="thirdTest">
    <skipped/>
  </testcase> <!-- thirdTest -->
  <system-out/>
</testsuite> <!-- com.neotech.lesson02.EnableAndDisableDemo -->
